<?xml version="1.0" encoding="UTF-8"?>
<!-- Generated by org.testng.reporters.JUnitXMLReporter -->
<testsuite ignored="0" hostname="Bharti-Rani" failures="1" tests="1" name="LoginTest" time="0.052" errors="0" timestamp="27 Dec 2019 10:05:15 GMT">
  <testcase classname="test.cases.LoginSurvey" name="loginTest" time="0.014">
    <failure type="java.lang.IllegalArgumentException" message="Cannot find elements when the id is null.">
      <![CDATA[java.lang.IllegalArgumentException: Cannot find elements when the id is null.
at org.openqa.selenium.By$ById.<init>(By.java:171)
at org.openqa.selenium.By.id(By.java:52)
at com.survey.pages.LoginPage.doLogin(LoginPage.java:9)
at test.cases.LoginSurvey.loginTest(LoginSurvey.java:12)
... Removed 25 stack frames]]>
    </failure>
  </testcase> <!-- loginTest -->
</testsuite> <!-- LoginTest -->
