<?xml version="1.0" encoding="UTF-8"?>
<testng-results ignored="8" total="13" passed="4" failed="1" skipped="0">
  <reporter-output>
  </reporter-output>
  <suite started-at="2020-02-14T13:45:42Z" name="TestSurvey" finished-at="2020-02-14T13:47:04Z" duration-ms="82155">
    <groups>
    </groups>
    <test started-at="2020-02-14T13:45:42Z" name="Test" finished-at="2020-02-14T13:47:04Z" duration-ms="82155">
      <class name="test.cases.AddSurveyQuestion">
        <test-method signature="addQuestion()[pri:0, instance:test.cases.AddSurveyQuestion@15d49048]" started-at="2020-02-14T13:46:24Z" name="addQuestion" finished-at="2020-02-14T13:46:56Z" duration-ms="32209" status="PASS">
          <reporter-output>
          </reporter-output>
        </test-method> <!-- addQuestion -->
      </class> <!-- test.cases.AddSurveyQuestion -->
      <class name="test.cases.AttendSurvey">
        <test-method signature="createAccount()[pri:0, instance:test.cases.AttendSurvey@503f91c3]" started-at="2020-02-14T13:46:59Z" name="createAccount" finished-at="2020-02-14T13:47:00Z" duration-ms="1060" status="FAIL">
          <exception class="org.openqa.selenium.ElementClickInterceptedException">
            <message>
              <![CDATA[element click intercepted: Element <li id="AllTab_Tab">...</li> is not clickable at point (268, 61). Other element would receive the click: <div class="slds-spinner_container slds-is-fixed">...</div>
  (Session info: chrome=80.0.3987.106)
Build info: version: '3.141.59', revision: 'e82be7d358', time: '2018-11-14T08:17:03'
System info: host: 'BHARTI-RANI', ip: '192.168.137.65', os.name: 'Windows 10', os.arch: 'amd64', os.version: '10.0', java.version: '9.0.1'
Driver info: org.openqa.selenium.chrome.ChromeDriver
Capabilities {acceptInsecureCerts: false, browserName: chrome, browserVersion: 80.0.3987.106, chrome: {chromedriverVersion: 80.0.3987.106 (f68069574609..., userDataDir: C:\Users\bharti\AppData\Loc...}, goog:chromeOptions: {debuggerAddress: localhost:58186}, javascriptEnabled: true, networkConnectionEnabled: false, pageLoadStrategy: normal, platform: WINDOWS, platformName: WINDOWS, proxy: Proxy(), setWindowRect: true, strictFileInteractability: false, timeouts: {implicit: 0, pageLoad: 300000, script: 30000}, unhandledPromptBehavior: dismiss and notify}
Session ID: 0b71d44f01c49a169304fc4580bd11ca]]>
            </message>
            <full-stacktrace>
              <![CDATA[org.openqa.selenium.ElementClickInterceptedException: element click intercepted: Element <li id="AllTab_Tab">...</li> is not clickable at point (268, 61). Other element would receive the click: <div class="slds-spinner_container slds-is-fixed">...</div>
  (Session info: chrome=80.0.3987.106)
Build info: version: '3.141.59', revision: 'e82be7d358', time: '2018-11-14T08:17:03'
System info: host: 'BHARTI-RANI', ip: '192.168.137.65', os.name: 'Windows 10', os.arch: 'amd64', os.version: '10.0', java.version: '9.0.1'
Driver info: org.openqa.selenium.chrome.ChromeDriver
Capabilities {acceptInsecureCerts: false, browserName: chrome, browserVersion: 80.0.3987.106, chrome: {chromedriverVersion: 80.0.3987.106 (f68069574609..., userDataDir: C:\Users\bharti\AppData\Loc...}, goog:chromeOptions: {debuggerAddress: localhost:58186}, javascriptEnabled: true, networkConnectionEnabled: false, pageLoadStrategy: normal, platform: WINDOWS, platformName: WINDOWS, proxy: Proxy(), setWindowRect: true, strictFileInteractability: false, timeouts: {implicit: 0, pageLoad: 300000, script: 30000}, unhandledPromptBehavior: dismiss and notify}
Session ID: 0b71d44f01c49a169304fc4580bd11ca
at java.base/jdk.internal.reflect.NativeConstructorAccessorImpl.newInstance0(Native Method)
at java.base/jdk.internal.reflect.NativeConstructorAccessorImpl.newInstance(Unknown Source)
at java.base/jdk.internal.reflect.DelegatingConstructorAccessorImpl.newInstance(Unknown Source)
at java.base/java.lang.reflect.Constructor.newInstance(Unknown Source)
at org.openqa.selenium.remote.http.W3CHttpResponseCodec.createException(W3CHttpResponseCodec.java:187)
at org.openqa.selenium.remote.http.W3CHttpResponseCodec.decode(W3CHttpResponseCodec.java:122)
at org.openqa.selenium.remote.http.W3CHttpResponseCodec.decode(W3CHttpResponseCodec.java:49)
at org.openqa.selenium.remote.HttpCommandExecutor.execute(HttpCommandExecutor.java:158)
at org.openqa.selenium.remote.service.DriverCommandExecutor.execute(DriverCommandExecutor.java:83)
at org.openqa.selenium.remote.RemoteWebDriver.execute(RemoteWebDriver.java:552)
at org.openqa.selenium.remote.RemoteWebElement.execute(RemoteWebElement.java:285)
at org.openqa.selenium.remote.RemoteWebElement.click(RemoteWebElement.java:84)
at test.cases.AttendSurvey.createAccount(AttendSurvey.java:16)
at java.base/jdk.internal.reflect.NativeMethodAccessorImpl.invoke0(Native Method)
at java.base/jdk.internal.reflect.NativeMethodAccessorImpl.invoke(Unknown Source)
at java.base/jdk.internal.reflect.DelegatingMethodAccessorImpl.invoke(Unknown Source)
at java.base/java.lang.reflect.Method.invoke(Unknown Source)
at org.testng.internal.MethodInvocationHelper.invokeMethod(MethodInvocationHelper.java:124)
at org.testng.internal.Invoker.invokeMethod(Invoker.java:583)
at org.testng.internal.Invoker.invokeTestMethod(Invoker.java:719)
at org.testng.internal.Invoker.invokeTestMethods(Invoker.java:989)
at org.testng.internal.TestMethodWorker.invokeTestMethods(TestMethodWorker.java:125)
at org.testng.internal.TestMethodWorker.run(TestMethodWorker.java:109)
at org.testng.TestRunner.privateRun(TestRunner.java:648)
at org.testng.TestRunner.run(TestRunner.java:505)
at org.testng.SuiteRunner.runTest(SuiteRunner.java:455)
at org.testng.SuiteRunner.runSequentially(SuiteRunner.java:450)
at org.testng.SuiteRunner.privateRun(SuiteRunner.java:415)
at org.testng.SuiteRunner.run(SuiteRunner.java:364)
at org.testng.SuiteRunnerWorker.runSuite(SuiteRunnerWorker.java:52)
at org.testng.SuiteRunnerWorker.run(SuiteRunnerWorker.java:84)
at org.testng.TestNG.runSuitesSequentially(TestNG.java:1208)
at org.testng.TestNG.runSuitesLocally(TestNG.java:1137)
at org.testng.TestNG.runSuites(TestNG.java:1049)
at org.testng.TestNG.run(TestNG.java:1017)
at org.testng.remote.AbstractRemoteTestNG.run(AbstractRemoteTestNG.java:115)
at org.testng.remote.RemoteTestNG.initAndRun(RemoteTestNG.java:251)
at org.testng.remote.RemoteTestNG.main(RemoteTestNG.java:77)
]]>
            </full-stacktrace>
          </exception> <!-- org.openqa.selenium.ElementClickInterceptedException -->
          <reporter-output>
          </reporter-output>
        </test-method> <!-- createAccount -->
        <test-method signature="loginGmail()[pri:0, instance:test.cases.AttendSurvey@503f91c3]" started-at="2020-02-14T13:47:00Z" name="loginGmail" finished-at="2020-02-14T13:47:04Z" duration-ms="4717" status="PASS">
          <reporter-output>
          </reporter-output>
        </test-method> <!-- loginGmail -->
      </class> <!-- test.cases.AttendSurvey -->
      <class name="test.cases.CreateNewSurvey">
        <test-method is-config="true" signature="setUp()[pri:0, instance:test.cases.CreateNewSurvey@448c8166]" started-at="2020-02-14T13:45:24Z" name="setUp" finished-at="2020-02-14T13:45:42Z" duration-ms="18224" status="PASS">
          <reporter-output>
          </reporter-output>
        </test-method> <!-- setUp -->
        <test-method signature="verifycreatenewsurvey()[pri:0, instance:test.cases.CreateNewSurvey@448c8166]" started-at="2020-02-14T13:45:42Z" name="verifycreatenewsurvey" finished-at="2020-02-14T13:46:24Z" duration-ms="41853" status="PASS">
          <reporter-output>
          </reporter-output>
        </test-method> <!-- verifycreatenewsurvey -->
        <test-method is-config="true" signature="tearDown()[pri:0, instance:test.cases.CreateNewSurvey@448c8166]" started-at="2020-02-14T13:47:05Z" name="tearDown" finished-at="2020-02-14T13:47:06Z" duration-ms="635" status="PASS">
          <reporter-output>
          </reporter-output>
        </test-method> <!-- tearDown -->
      </class> <!-- test.cases.CreateNewSurvey -->
      <class name="test.cases.SurveyDistribution">
        <test-method signature="checkDistribution()[pri:0, instance:test.cases.SurveyDistribution@7098b907]" started-at="2020-02-14T13:46:56Z" name="checkDistribution" finished-at="2020-02-14T13:46:59Z" duration-ms="2216" status="PASS">
          <reporter-output>
          </reporter-output>
        </test-method> <!-- checkDistribution -->
      </class> <!-- test.cases.SurveyDistribution -->
    </test> <!-- Test -->
  </suite> <!-- TestSurvey -->
</testng-results>
