<?xml version="1.0" encoding="UTF-8"?>
<testng-results ignored="0" total="1" passed="1" failed="0" skipped="0">
  <reporter-output>
  </reporter-output>
  <suite started-at="2019-12-26T19:02:10 IST" name="Default suite" finished-at="2019-12-26T19:02:33 IST" duration-ms="23549">
    <groups>
    </groups>
    <test started-at="2019-12-26T19:02:10 IST" name="Default test" finished-at="2019-12-26T19:02:33 IST" duration-ms="23549">
      <class name="test.cases.CreateNewSurvey">
        <test-method is-config="true" signature="setUp()[pri:0, instance:test.cases.CreateNewSurvey@1356d4d4]" started-at="2019-12-26T19:01:54 IST" name="setUp" finished-at="2019-12-26T19:02:10 IST" duration-ms="16286" status="PASS">
          <reporter-output>
          </reporter-output>
        </test-method> <!-- setUp -->
        <test-method signature="verifycreatenewsurvey()[pri:0, instance:test.cases.CreateNewSurvey@1356d4d4]" started-at="2019-12-26T19:02:10 IST" name="verifycreatenewsurvey" finished-at="2019-12-26T19:02:33 IST" duration-ms="23512" status="PASS">
          <reporter-output>
          </reporter-output>
        </test-method> <!-- verifycreatenewsurvey -->
        <test-method is-config="true" signature="tearDown()[pri:0, instance:test.cases.CreateNewSurvey@1356d4d4]" started-at="2019-12-26T19:02:33 IST" name="tearDown" finished-at="2019-12-26T19:02:34 IST" duration-ms="627" status="PASS">
          <reporter-output>
          </reporter-output>
        </test-method> <!-- tearDown -->
      </class> <!-- test.cases.CreateNewSurvey -->
    </test> <!-- Default test -->
  </suite> <!-- Default suite -->
</testng-results>
