<?xml version="1.0" encoding="UTF-8"?>
<testng-results ignored="0" total="1" passed="1" failed="0" skipped="0">
  <reporter-output>
  </reporter-output>
  <suite started-at="2019-12-26T15:20:25 IST" name="Default suite" finished-at="2019-12-26T15:20:50 IST" duration-ms="25733">
    <groups>
    </groups>
    <test started-at="2019-12-26T15:20:25 IST" name="Default test" finished-at="2019-12-26T15:20:50 IST" duration-ms="25733">
      <class name="test.cases.CreateSurvey">
        <test-method is-config="true" signature="setUp()[pri:0, instance:test.cases.CreateSurvey@1356d4d4]" started-at="2019-12-26T15:20:08 IST" name="setUp" finished-at="2019-12-26T15:20:25 IST" duration-ms="16822" status="PASS">
          <reporter-output>
          </reporter-output>
        </test-method> <!-- setUp -->
        <test-method signature="verifycreatenewsurvey()[pri:0, instance:test.cases.CreateSurvey@1356d4d4]" started-at="2019-12-26T15:20:25 IST" name="verifycreatenewsurvey" finished-at="2019-12-26T15:20:50 IST" duration-ms="25709" status="PASS">
          <reporter-output>
          </reporter-output>
        </test-method> <!-- verifycreatenewsurvey -->
        <test-method is-config="true" signature="tearDown()[pri:0, instance:test.cases.CreateSurvey@1356d4d4]" started-at="2019-12-26T15:20:50 IST" name="tearDown" finished-at="2019-12-26T15:20:51 IST" duration-ms="651" status="PASS">
          <reporter-output>
          </reporter-output>
        </test-method> <!-- tearDown -->
      </class> <!-- test.cases.CreateSurvey -->
    </test> <!-- Default test -->
  </suite> <!-- Default suite -->
</testng-results>
