<?xml version="1.0" encoding="UTF-8"?>
<testng-results ignored="0" total="1" passed="1" failed="0" skipped="0">
  <reporter-output>
  </reporter-output>
  <suite started-at="2019-12-27T20:11:56 IST" name="Default suite" finished-at="2019-12-27T20:12:23 IST" duration-ms="26784">
    <groups>
    </groups>
    <test started-at="2019-12-27T20:11:56 IST" name="Default test" finished-at="2019-12-27T20:12:23 IST" duration-ms="26784">
      <class name="test.cases.AddSurveyQuestion">
        <test-method is-config="true" signature="setUp()[pri:0, instance:test.cases.AddSurveyQuestion@2f177a4b]" started-at="2019-12-27T20:11:40 IST" name="setUp" finished-at="2019-12-27T20:11:56 IST" duration-ms="16667" status="PASS">
          <reporter-output>
          </reporter-output>
        </test-method> <!-- setUp -->
        <test-method signature="addQuestion()[pri:0, instance:test.cases.AddSurveyQuestion@2f177a4b]" started-at="2019-12-27T20:11:56 IST" name="addQuestion" finished-at="2019-12-27T20:12:23 IST" duration-ms="26759" status="PASS">
          <reporter-output>
          </reporter-output>
        </test-method> <!-- addQuestion -->
        <test-method is-config="true" signature="tearDown()[pri:0, instance:test.cases.AddSurveyQuestion@2f177a4b]" started-at="2019-12-27T20:12:23 IST" name="tearDown" finished-at="2019-12-27T20:12:24 IST" duration-ms="628" status="PASS">
          <reporter-output>
          </reporter-output>
        </test-method> <!-- tearDown -->
      </class> <!-- test.cases.AddSurveyQuestion -->
    </test> <!-- Default test -->
  </suite> <!-- Default suite -->
</testng-results>
